<?xml version="1.0" encoding="UTF-8"?>
<testng-results skipped="0" failed="1" ignored="0" total="4" passed="3">
  <reporter-output>
  </reporter-output>
  <suite name="Suite" duration-ms="127926" started-at="2019-03-09T16:46:01 IST" finished-at="2019-03-09T16:48:08 IST">
    <groups>
    </groups>
    <test name="ValidatingUserLogin" duration-ms="110460" started-at="2019-03-09T16:46:01 IST" finished-at="2019-03-09T16:47:51 IST">
      <class name="academy.HomePage">
        <test-method status="PASS" signature="invokDriver()[pri:0, instance:academy.HomePage@d04d3d]" name="invokDriver" is-config="true" duration-ms="3220" started-at="2019-03-09T16:46:01 IST" finished-at="2019-03-09T16:46:04 IST">
          <reporter-output>
          </reporter-output>
        </test-method> <!-- invokDriver -->
        <test-method status="PASS" signature="basePageNavigation(java.lang.String, java.lang.String, java.lang.String)[pri:0, instance:academy.HomePage@d04d3d]" name="basePageNavigation" duration-ms="95863" started-at="2019-03-09T16:46:04 IST" data-provider="getData" finished-at="2019-03-09T16:47:40 IST">
          <params>
            <param index="0">
              <value>
                <![CDATA[Kiran_a@gmail.com]]>
              </value>
            </param>
            <param index="1">
              <value>
                <![CDATA[23213dfds]]>
              </value>
            </param>
            <param index="2">
              <value>
                <![CDATA[Restricted]]>
              </value>
            </param>
          </params>
          <reporter-output>
          </reporter-output>
        </test-method> <!-- basePageNavigation -->
        <test-method status="PASS" signature="basePageNavigation(java.lang.String, java.lang.String, java.lang.String)[pri:0, instance:academy.HomePage@d04d3d]" name="basePageNavigation" duration-ms="10665" started-at="2019-03-09T16:47:40 IST" data-provider="getData" finished-at="2019-03-09T16:47:50 IST">
          <params>
            <param index="0">
              <value>
                <![CDATA[aarohi_a@gmail.com]]>
              </value>
            </param>
            <param index="1">
              <value>
                <![CDATA[kjdlksfd]]>
              </value>
            </param>
            <param index="2">
              <value>
                <![CDATA[NonRestricted]]>
              </value>
            </param>
          </params>
          <reporter-output>
          </reporter-output>
        </test-method> <!-- basePageNavigation -->
        <test-method status="PASS" signature="tearDown()[pri:0, instance:academy.HomePage@d04d3d]" name="tearDown" is-config="true" duration-ms="670" started-at="2019-03-09T16:47:50 IST" finished-at="2019-03-09T16:47:51 IST">
          <reporter-output>
          </reporter-output>
        </test-method> <!-- tearDown -->
      </class> <!-- academy.HomePage -->
    </test> <!-- ValidatingUserLogin -->
    <test name="ValidatingTitle" duration-ms="17441" started-at="2019-03-09T16:47:51 IST" finished-at="2019-03-09T16:48:08 IST">
      <class name="academy.ValidateTitle">
        <test-method status="PASS" signature="browserInvok()[pri:0, instance:academy.ValidateTitle@1183b20]" name="browserInvok" is-config="true" duration-ms="14536" started-at="2019-03-09T16:47:51 IST" finished-at="2019-03-09T16:48:06 IST">
          <reporter-output>
          </reporter-output>
        </test-method> <!-- browserInvok -->
        <test-method status="FAIL" signature="checkBar()[pri:0, instance:academy.ValidateTitle@1183b20]" name="checkBar" duration-ms="67" started-at="2019-03-09T16:48:06 IST" finished-at="2019-03-09T16:48:06 IST">
          <exception class="java.lang.AssertionError">
            <message>
              <![CDATA[expected [false] but found [true]]]>
            </message>
            <full-stacktrace>
              <![CDATA[java.lang.AssertionError: expected [false] but found [true]
at org.testng.Assert.fail(Assert.java:97)
at org.testng.Assert.assertEqualsImpl(Assert.java:136)
at org.testng.Assert.assertEquals(Assert.java:118)
at org.testng.Assert.assertEquals(Assert.java:751)
at org.testng.Assert.assertEquals(Assert.java:761)
at academy.ValidateTitle.checkBar(ValidateTitle.java:41)
at sun.reflect.NativeMethodAccessorImpl.invoke0(Native Method)
at sun.reflect.NativeMethodAccessorImpl.invoke(NativeMethodAccessorImpl.java:62)
at sun.reflect.DelegatingMethodAccessorImpl.invoke(DelegatingMethodAccessorImpl.java:43)
at java.lang.reflect.Method.invoke(Method.java:498)
at org.testng.internal.MethodInvocationHelper.invokeMethod(MethodInvocationHelper.java:131)
at org.testng.internal.TestInvoker.invokeMethod(TestInvoker.java:570)
at org.testng.internal.TestInvoker.invokeTestMethod(TestInvoker.java:170)
at org.testng.internal.MethodRunner.runInSequence(MethodRunner.java:46)
at org.testng.internal.TestInvoker$MethodInvocationAgent.invoke(TestInvoker.java:790)
at org.testng.internal.TestInvoker.invokeTestMethods(TestInvoker.java:143)
at org.testng.internal.TestMethodWorker.invokeTestMethods(TestMethodWorker.java:146)
at org.testng.internal.TestMethodWorker.run(TestMethodWorker.java:128)
at org.testng.TestRunner.privateRun(TestRunner.java:763)
at org.testng.TestRunner.run(TestRunner.java:594)
at org.testng.SuiteRunner.runTest(SuiteRunner.java:398)
at org.testng.SuiteRunner.runSequentially(SuiteRunner.java:392)
at org.testng.SuiteRunner.privateRun(SuiteRunner.java:355)
at org.testng.SuiteRunner.run(SuiteRunner.java:304)
at org.testng.SuiteRunnerWorker.runSuite(SuiteRunnerWorker.java:53)
at org.testng.SuiteRunnerWorker.run(SuiteRunnerWorker.java:96)
at org.testng.TestNG.runSuitesSequentially(TestNG.java:1146)
at org.testng.TestNG.runSuitesLocally(TestNG.java:1067)
at org.testng.TestNG.runSuites(TestNG.java:997)
at org.testng.TestNG.run(TestNG.java:965)
at org.apache.maven.surefire.testng.TestNGExecutor.run(TestNGExecutor.java:283)
at org.apache.maven.surefire.testng.TestNGXmlTestSuite.execute(TestNGXmlTestSuite.java:75)
at org.apache.maven.surefire.testng.TestNGProvider.invoke(TestNGProvider.java:120)
at org.apache.maven.surefire.booter.ForkedBooter.invokeProviderInSameClassLoader(ForkedBooter.java:384)
at org.apache.maven.surefire.booter.ForkedBooter.runSuitesInProcess(ForkedBooter.java:345)
at org.apache.maven.surefire.booter.ForkedBooter.execute(ForkedBooter.java:126)
at org.apache.maven.surefire.booter.ForkedBooter.main(ForkedBooter.java:418)
]]>
            </full-stacktrace>
          </exception> <!-- java.lang.AssertionError -->
          <reporter-output>
          </reporter-output>
        </test-method> <!-- checkBar -->
        <test-method status="PASS" signature="checkTitle()[pri:0, instance:academy.ValidateTitle@1183b20]" name="checkTitle" duration-ms="71" started-at="2019-03-09T16:48:06 IST" finished-at="2019-03-09T16:48:06 IST">
          <reporter-output>
          </reporter-output>
        </test-method> <!-- checkTitle -->
        <test-method status="PASS" signature="tearDown()[pri:0, instance:academy.ValidateTitle@1183b20]" name="tearDown" is-config="true" duration-ms="2087" started-at="2019-03-09T16:48:06 IST" finished-at="2019-03-09T16:48:08 IST">
          <reporter-output>
          </reporter-output>
        </test-method> <!-- tearDown -->
      </class> <!-- academy.ValidateTitle -->
    </test> <!-- ValidatingTitle -->
  </suite> <!-- Suite -->
</testng-results>
